<?xml version="1.0" encoding="UTF-8"?>
<testng-results skipped="0" failed="0" total="1" passed="1">
  <reporter-output>
  </reporter-output>
  <suite name="Default suite" duration-ms="9170" started-at="2016-03-04T09:12:00Z" finished-at="2016-03-04T09:12:09Z">
    <groups>
    </groups>
    <test name="Default test" duration-ms="9170" started-at="2016-03-04T09:12:00Z" finished-at="2016-03-04T09:12:09Z">
      <class name="testScripts.TestLogin2">
        <test-method status="PASS" signature="testLogin()[pri:0, instance:testScripts.TestLogin2@2752f6e2]" name="testLogin" duration-ms="9158" started-at="2016-03-04T17:12:00Z" finished-at="2016-03-04T17:12:09Z">
          <reporter-output>
          </reporter-output>
        </test-method> <!-- testLogin -->
      </class> <!-- testScripts.TestLogin2 -->
    </test> <!-- Default test -->
  </suite> <!-- Default suite -->
</testng-results>
