<?xml version="1.0" encoding="UTF-8"?>
<testng-results skipped="0" failed="0" total="1" passed="1">
  <reporter-output>
  </reporter-output>
  <suite name="suite" duration-ms="19" started-at="2016-02-03T06:41:00Z" finished-at="2016-02-03T06:41:00Z">
    <groups>
    </groups>
    <test name="test12" duration-ms="19" started-at="2016-02-03T06:41:00Z" finished-at="2016-02-03T06:41:00Z">
      <class name="untils.TestNGLearn">
        <test-method status="PASS" signature="beforeClass()[pri:0, instance:untils.TestNGLearn@282ba1e]" name="beforeClass" is-config="true" duration-ms="7" started-at="2016-02-03T14:41:00Z" finished-at="2016-02-03T14:41:00Z">
          <reporter-output>
          </reporter-output>
        </test-method> <!-- beforeClass -->
        <test-method status="PASS" signature="TestNgLearn()[pri:0, instance:untils.TestNGLearn@282ba1e]" name="TestNgLearn" duration-ms="3" started-at="2016-02-03T14:41:00Z" finished-at="2016-02-03T14:41:00Z">
          <reporter-output>
          </reporter-output>
        </test-method> <!-- TestNgLearn -->
        <test-method status="PASS" signature="afterClass()[pri:0, instance:untils.TestNGLearn@282ba1e]" name="afterClass" is-config="true" duration-ms="0" started-at="2016-02-03T14:41:00Z" finished-at="2016-02-03T14:41:00Z">
          <reporter-output>
          </reporter-output>
        </test-method> <!-- afterClass -->
      </class> <!-- untils.TestNGLearn -->
    </test> <!-- test12 -->
  </suite> <!-- suite -->
</testng-results>
